[6330][1625664569885][scratchpad][info]["EventBus~initialize - Success"]
[6330][1625664569887][scratchpad][info]["Messaging~boot - Success"]
[6330][1625664569906][scratchpad][info]["bootCrashReporter~ Success"]
[6330][1625664569907][scratchpad][info]["Telemetry~boot - Success"]
[6330][1625664569908][scratchpad][info]["bootConfigurations~initialize - Success"]
[6330][1625664569909][scratchpad][info]["Settings~boot - Success"]
[6330][1625664570096][scratchpad][info]["bootstrapModels - Success"]
[6330][1625664570097][scratchpad][info]["WLModels~boot - Success"]
[6330][1625664570115][scratchpad][info]["Session~boot - Success"]
[6330][1625664570117][scratchpad][info]["IndependentServices~boot - Success"]
[6330][1625664570125][scratchpad][info]["AppModels~boot - Success"]
[6330][1625664570143][scratchpad][info]["Sync~boot - Success"]
[6330][1625664570150][scratchpad][error]["WorkspaceSessionController~getActiveSession: WorkspaceSession not found in db"]
[6330][1625664570156][scratchpad][error]["ActiveWorkspaceSessionStore: Initial Hydration Failed once"]
[6330][1625664570165][scratchpad][info]["PostUpdateBackup~init: Success"]
[6330][1625664570166][scratchpad][info]["Shared~boot - Success"]
[6330][1625664570167][scratchpad][info]["DBWatcher~boot - Success"]
[6330][1625664570169][scratchpad][info]["ThemeManager~boot - Success"]
[6330][1625664570169][scratchpad][info]["WorkbenchService~boot - Success"]
[6330][1625664570170][scratchpad][info]["ContextBarRegistry~boot - Success"]
[6330][1625664570170][scratchpad][info]["Store~boot - Success"]
[6330][1625664570171][scratchpad][info]["Shortcuts~boot - Success"]
[6330][1625664570175][scratchpad][error]["WorkspaceSessionController~getActiveSession: WorkspaceSession not found in db"]
[6330][1625664570176][scratchpad][error]["ActiveWorkspaceSessionStore: Initial Hydration Failed twice",{"name":"Error","message":"WorkspaceSessionController~getActiveSession: WorkspaceSession not found in db","stack":"Error: WorkspaceSessionController~getActiveSession: WorkspaceSession not found in db\n    at file:///Applications/Postman.app/Contents/Resources/app/js/vendor-shared.js:290509:35"}]
[6330][1625664570267][scratchpad][info]["NewConsole~boot - Success"]
[6330][1625664570273][scratchpad][info]["APIDevInterface~boot - Success"]
[6330][1625664570278][scratchpad][error]["Failed to detach IPC node",{"name":"TypeError","message":"Cannot read property 'dispose' of null","stack":"TypeError: Cannot read property 'dispose' of null\n    at ElectronTCPReader.detachProxyIpcNode (file:///Applications/Postman.app/Contents/Resources/app/js/requester.js:27465:25)\n    at ElectronTCPReader.attachProxyIpcNode (file:///Applications/Postman.app/Contents/Resources/app/js/requester.js:27429:10)\n    at new ElectronTCPReader (file:///Applications/Postman.app/Contents/Resources/app/js/requester.js:27406:12)\n    at file:///Applications/Postman.app/Contents/Resources/app/js/requester.js:26189:18\n    at file:///Applications/Postman.app/Contents/Resources/app/js/vendor-shared.js:53566:9\n    at file:///Applications/Postman.app/Contents/Resources/app/js/vendor-shared.js:54596:16\n    at replenish (file:///Applications/Postman.app/Contents/Resources/app/js/vendor-shared.js:54565:25)\n    at iterateeCallback (file:///Applications/Postman.app/Contents/Resources/app/js/vendor-shared.js:54554:17)\n    at file:///Applications/Postman.app/Contents/Resources/app/js/vendor-shared.js:55306:16\n    at file:///Applications/Postman.app/Contents/Resources/app/js/vendor-shared.js:53563:13\n    at sentryWrapped (file:///Applications/Postman.app/Contents/Resources/app/js/vendor-shared.js:1174468:27)"}]
[6330][1625664570281][scratchpad][info]["Attempting to create IPCNode to proxy_node_process"]
[6330][1625664570290][scratchpad][info]["Requester~boot - Success"]
[6330][1625664570291][scratchpad][info]["SharedRuntimeListeners~boot - Success"]
[6330][1625664570292][scratchpad][info]["booted - scratchpad"]
[6330][1625664570415][scratchpad][info]["NavigationService ~ [BROWSER] Transitioning io the initial route with the URL:","home"]
[6330][1625664570442][scratchpad][info]["CloudProxyHandler: Proxy configuration has not been setup"]
[6330][1625664570443][scratchpad][error]["IPCNode~createClient~something wrong connecting to the IPC server",{"errno":"ENOENT","code":"ENOENT","syscall":"connect","address":"/Users/mahamamjad/Library/Application Support/Postman/proxy_node_process_prod.sock","name":"Error","message":"connect ENOENT /Users/mahamamjad/Library/Application Support/Postman/proxy_node_process_prod.sock","stack":"Error: connect ENOENT /Users/mahamamjad/Library/Application Support/Postman/proxy_node_process_prod.sock\n    at PipeConnectWrap.afterConnect [as oncomplete] (net.js:1134:16)"}]
[6330][1625664570870][scratchpad][info]["SessionValidation - Registering listener"]
[6330][1625664570879][scratchpad][info]["UI pulled the session locked information on init"]
[6330][1625665083667][scratchpad][error]["SyncRequestService: This request is not allowed from scratchpad"]
[6330][1625665083675][scratchpad][error]["SyncRequestService: This request is not allowed from scratchpad"]
[6330][1625665083753][scratchpad][warn]["CollectionWorkbenchModel~updateWatchingStatus: Failed to get watching status",{"error":{"message":"SyncRequestService\\x7erequestListener: Could not fetch from sync. Socket not connected."}}]
[6330][1625665083753][scratchpad][warn]["CollectionWorkbenchModel~updateWatchersCount: Failed to get watchers count",{"error":{"message":"SyncRequestService\\x7erequestListener: Could not fetch from sync. Socket not connected."}}]
[6330][1625665084001][scratchpad][error]["SyncRequestService: This request is not allowed from scratchpad"]
[6330][1625665084007][scratchpad][error]["Failed to fetch published status of collection, with Id: 0-2b916b55-2e41-4bce-b82d-953218c14b28",500,{"error":{"message":"SyncRequestService\\x7erequestListener: Could not fetch from sync. Socket not connected."}}]
[6330][1625665084009][scratchpad][error]["SyncRequestService: This request is not allowed from scratchpad"]
[6330][1625665084010][scratchpad][error]["SyncRequestService: This request is not allowed from scratchpad"]
[6330][1625665084015][scratchpad][error]["DocumentationMasterStore~_fetchPublishedData: error in fetching published data for collection with uid - 0-2b916b55-2e41-4bce-b82d-953218c14b28"]
[6330][1625665084016][scratchpad][error]["Failed to fetch published status of collection, with Id: 0-2b916b55-2e41-4bce-b82d-953218c14b28",500,{"error":{"message":"SyncRequestService\\x7erequestListener: Could not fetch from sync. Socket not connected."}}]
[6330][1625665084017][scratchpad][error]["Failed to fetch published status of collection, with Id: 0-2b916b55-2e41-4bce-b82d-953218c14b28",500,{"error":{"message":"SyncRequestService\\x7erequestListener: Could not fetch from sync. Socket not connected."}}]
[6330][1625665084018][scratchpad][error]["DocumentationMasterStore~_fetchPublishedData: error in fetching published data for collection with uid - 0-2b916b55-2e41-4bce-b82d-953218c14b28"]
[6330][1625665084019][scratchpad][error]["DocumentationMasterStore~_fetchPublishedData: error in fetching published data for collection with uid - 0-2b916b55-2e41-4bce-b82d-953218c14b28"]
[6330][1625665105998][scratchpad][info]["EventBus~initialize - Success"]
[6330][1625665106000][scratchpad][info]["Messaging~boot - Success"]
[6330][1625665106021][scratchpad][info]["bootCrashReporter~ Success"]
[6330][1625665106022][scratchpad][info]["Telemetry~boot - Success"]
[6330][1625665106022][scratchpad][info]["bootConfigurations~initialize - Success"]
[6330][1625665106024][scratchpad][info]["Settings~boot - Success"]
[6330][1625665106160][scratchpad][info]["bootstrapModels - Success"]
[6330][1625665106160][scratchpad][info]["WLModels~boot - Success"]
[6330][1625665106167][scratchpad][info]["Session~boot - Success"]
[6330][1625665106169][scratchpad][info]["IndependentServices~boot - Success"]
[6330][1625665106176][scratchpad][info]["AppModels~boot - Success"]
[6330][1625665106193][scratchpad][info]["Sync~boot - Success"]
[6330][1625665106199][scratchpad][error]["WorkspaceSessionController~getActiveSession: WorkspaceSession not found in db"]
[6330][1625665106205][scratchpad][error]["ActiveWorkspaceSessionStore: Initial Hydration Failed once"]
[6330][1625665106214][scratchpad][info]["PostUpdateBackup~init: Success"]
[6330][1625665106215][scratchpad][info]["Shared~boot - Success"]
[6330][1625665106216][scratchpad][info]["DBWatcher~boot - Success"]
[6330][1625665106218][scratchpad][info]["ThemeManager~boot - Success"]
[6330][1625665106218][scratchpad][info]["WorkbenchService~boot - Success"]
[6330][1625665106219][scratchpad][info]["ContextBarRegistry~boot - Success"]
[6330][1625665106219][scratchpad][info]["Store~boot - Success"]
[6330][1625665106221][scratchpad][info]["Shortcuts~boot - Success"]
[6330][1625665106231][scratchpad][error]["WorkspaceSessionController~getActiveSession: WorkspaceSession not found in db"]
[6330][1625665106232][scratchpad][error]["ActiveWorkspaceSessionStore: Initial Hydration Failed twice",{"name":"Error","message":"WorkspaceSessionController~getActiveSession: WorkspaceSession not found in db","stack":"Error: WorkspaceSessionController~getActiveSession: WorkspaceSession not found in db\n    at file:///Applications/Postman.app/Contents/Resources/app/js/vendor-shared.js:290509:35"}]
[6330][1625665106281][scratchpad][info]["NewConsole~boot - Success"]
[6330][1625665106282][scratchpad][info]["APIDevInterface~boot - Success"]
[6330][1625665106285][scratchpad][error]["Failed to detach IPC node",{"name":"TypeError","message":"Cannot read property 'dispose' of null","stack":"TypeError: Cannot read property 'dispose' of null\n    at ElectronTCPReader.detachProxyIpcNode (file:///Applications/Postman.app/Contents/Resources/app/js/requester.js:27465:25)\n    at ElectronTCPReader.attachProxyIpcNode (file:///Applications/Postman.app/Contents/Resources/app/js/requester.js:27429:10)\n    at new ElectronTCPReader (file:///Applications/Postman.app/Contents/Resources/app/js/requester.js:27406:12)\n    at file:///Applications/Postman.app/Contents/Resources/app/js/requester.js:26189:18\n    at file:///Applications/Postman.app/Contents/Resources/app/js/vendor-shared.js:53566:9\n    at file:///Applications/Postman.app/Contents/Resources/app/js/vendor-shared.js:54596:16\n    at replenish (file:///Applications/Postman.app/Contents/Resources/app/js/vendor-shared.js:54565:25)\n    at iterateeCallback (file:///Applications/Postman.app/Contents/Resources/app/js/vendor-shared.js:54554:17)\n    at file:///Applications/Postman.app/Contents/Resources/app/js/vendor-shared.js:55306:16\n    at file:///Applications/Postman.app/Contents/Resources/app/js/vendor-shared.js:53563:13\n    at sentryWrapped (file:///Applications/Postman.app/Contents/Resources/app/js/vendor-shared.js:1174468:27)"}]
[6330][1625665106287][scratchpad][info]["Attempting to create IPCNode to proxy_node_process"]
[6330][1625665106295][scratchpad][info]["Requester~boot - Success"]
[6330][1625665106296][scratchpad][info]["SharedRuntimeListeners~boot - Success"]
[6330][1625665106297][scratchpad][info]["booted - scratchpad"]
[6330][1625665106374][scratchpad][info]["NavigationService ~ [BROWSER] Transitioning io the initial route with the URL:","home"]
[6330][1625665106404][scratchpad][info]["CloudProxyHandler: Proxy configuration has not been setup"]
[6330][1625665106405][scratchpad][error]["IPCNode~createClient~something wrong connecting to the IPC server",{"errno":"ENOENT","code":"ENOENT","syscall":"connect","address":"/Users/mahamamjad/Library/Application Support/Postman/proxy_node_process_prod.sock","name":"Error","message":"connect ENOENT /Users/mahamamjad/Library/Application Support/Postman/proxy_node_process_prod.sock","stack":"Error: connect ENOENT /Users/mahamamjad/Library/Application Support/Postman/proxy_node_process_prod.sock\n    at PipeConnectWrap.afterConnect [as oncomplete] (net.js:1134:16)"}]
[6330][1625665106842][scratchpad][info]["SessionValidation - Registering listener"]
[6330][1625665106851][scratchpad][info]["UI pulled the session locked information on init"]
