[6306][1625664544687][main][info]["Booting Postman 8.7.0, darwin-20.3.0 on x64"]
[6306][1625664544690][main][info]["EventBus~initialize - Success"]
[6306][1625664544691][main][info]["Proxy configuration has not been setup"]
[6306][1625664544692][main][info]["CloudProxyManager~init - Success"]
[6306][1625664544692][main][info]["UpdateHandler~init - Success"]
[6306][1625664544973][main][info]["RuntimeIPCAgent~started: Success"]
[6306][1625664545000][main][info]["LeaderSelection: Initialized successfully"]
[6306][1625664545093][main][info]["Main~promptMoveToApplicationsFolder - Postman is not in applications folder, showing a prompt to move it there"]
[6306][1625664555974][main][info]["Quitting app"]
[6330][1625664562209][main][info]["Booting Postman 8.7.0, darwin-20.3.0 on x64"]
[6330][1625664562216][main][info]["EventBus~initialize - Success"]
[6330][1625664562218][main][info]["Proxy configuration has not been setup"]
[6330][1625664562219][main][info]["CloudProxyManager~init - Success"]
[6330][1625664562220][main][info]["UpdateHandler~init - Success"]
[6330][1625664562458][main][info]["RuntimeIPCAgent~started: Success"]
[6330][1625664562460][main][info]["LeaderSelection: Initialized successfully"]
[6330][1625664562677][main][info]["GPU detected VID 32902 DID 16038 ACTIVE true"]
[6330][1625664562876][main][info]["Bootstrap-models~bootstrap - Success"]
[6330][1625664563000][main][info]["window-manager~newSharedWindow: Shell loaded"]
[6330][1625664567484][main][info]["Main~AppEvents - Received booted event for process shared"]
[6330][1625664570277][main][info]["UpdateHandler~app-update-events - Received event",{"name":"checkForElectronVersionUpdated","namespace":"appUpdate"}]
[6330][1625664570300][main][info]["Main~AppEvents - Received booted event for process scratchpad"]
[6330][1625665099948][main][info]["ProtocolHandler~init - Success with status: true]"]
[6330][1625665103632][main][info]["Main~AppEvents - Received booted event for process shared"]
[6330][1625665106285][main][info]["UpdateHandler~app-update-events - Received event",{"name":"checkForElectronVersionUpdated","namespace":"appUpdate"}]
[6330][1625665106298][main][info]["Main~AppEvents - Received booted event for process scratchpad"]
[6330][1625665135759][main][info]["ProtocolHandler~handleOpenUrlForDarwin - Opened with url: postman://auth/callback?code=4d0d4d7e1f5336ce4ff96e56a37d1ce34627261a59e53e1209f600a078c7bdcb"]
[6330][1625665135760][main][info]["ProtocolHandler~handleOpenUrl: postman://auth/callback?code=4d0d4d7e1f5336ce4ff96e56a37d1ce34627261a59e53e1209f600a078c7bdcb"]
[6330][1625665135760][main][info]["AuthHandler~handleAuthUrl: Received auth url - postman://auth/callback?code=4d0d4d7e1f5336ce4ff96e56a37d1ce34627261a59e53e1209f600a078c7bdcb"]
[6330][1625665135760][main][info]["AuthHandler~handleAuthorizationRedirectUrl: Received authorization redirect url - postman://auth/callback?code=4d0d4d7e1f5336ce4ff96e56a37d1ce34627261a59e53e1209f600a078c7bdcb"]
[6330][1625665138746][main][info]["UpdateHandler~app-update-events - Received event",{"name":"checkForElectronVersionUpdated","namespace":"appUpdate"}]
[6330][1625665138759][main][info]["Main~AppEvents - Received booted event for process requester"]
[6330][1625729073534][main][info]["Quitting app"]
[3907][1626435482389][main][info]["Booting Postman 8.7.0, darwin-20.3.0 on x64"]
[3907][1626435482392][main][info]["EventBus~initialize - Success"]
[3907][1626435482394][main][info]["Proxy configuration has not been setup"]
[3907][1626435482394][main][info]["CloudProxyManager~init - Success"]
[3907][1626435482395][main][info]["UpdateHandler~init - Success"]
[3907][1626435482744][main][info]["RuntimeIPCAgent~started: Success"]
[3907][1626435482754][main][info]["LeaderSelection: Initialized successfully"]
[3907][1626435482884][main][info]["GPU detected VID 32902 DID 16038 ACTIVE true"]
[3907][1626435483050][main][info]["Quitting app"]
[3907][1626435483098][main][info]["Bootstrap-models~bootstrap - Success"]
[1194][1627631829251][main][info]["Booting Postman 8.7.0, darwin-20.3.0 on x64"]
[1194][1627631829253][main][info]["EventBus~initialize - Success"]
[1194][1627631829255][main][info]["Proxy configuration has not been setup"]
[1194][1627631829255][main][info]["CloudProxyManager~init - Success"]
[1194][1627631829256][main][info]["UpdateHandler~init - Success"]
[1194][1627631829626][main][info]["RuntimeIPCAgent~started: Success"]
[1194][1627631829643][main][info]["LeaderSelection: Initialized successfully"]
[1194][1627631829813][main][info]["GPU detected VID 32902 DID 16038 ACTIVE true"]
[1194][1627631829962][main][info]["Bootstrap-models~bootstrap - Success"]
[1194][1627631830126][main][info]["window-manager~newSharedWindow: Shell loaded"]
[1194][1627631832574][main][info]["Main~AppEvents - Received booted event for process shared"]
[1194][1627631835298][main][info]["UpdateHandler~app-update-events - Received event",{"name":"checkForElectronVersionUpdated","namespace":"appUpdate"}]
[1194][1627631835323][main][info]["Main~AppEvents - Received booted event for process requester"]
[1194][1627709295303][main][info]["Quitting app"]
[424][1627880397914][main][info]["Booting Postman 8.7.0, darwin-20.3.0 on x64"]
[424][1627880397917][main][info]["EventBus~initialize - Success"]
[424][1627880397919][main][info]["Proxy configuration has not been setup"]
[424][1627880397919][main][info]["CloudProxyManager~init - Success"]
[424][1627880397920][main][info]["UpdateHandler~init - Success"]
[424][1627880398306][main][info]["RuntimeIPCAgent~started: Success"]
[424][1627880398308][main][info]["LeaderSelection: Initialized successfully"]
[424][1627880398456][main][info]["GPU detected VID 32902 DID 16038 ACTIVE true"]
[424][1627880398829][main][info]["window-manager~newSharedWindow: Shell loaded"]
[424][1627880398880][main][info]["Bootstrap-models~bootstrap - Success"]
[424][1627880401749][main][info]["Main~AppEvents - Received booted event for process shared"]
[424][1627880404452][main][info]["UpdateHandler~app-update-events - Received event",{"name":"checkForElectronVersionUpdated","namespace":"appUpdate"}]
[424][1627880404478][main][info]["Main~AppEvents - Received booted event for process requester"]
[424][1627880415185][main][info]["UpdateHandler~app-update-events - Received event",{"name":"updateElectron","namespace":"appUpdate","data":{"channel":"stable","version":"8.7.0","downloadVersion":"8.9.1","appId":"991862a7-9f81-4279-acfd-534f387f23ee","userAgent":"Mozilla/5.0 (Macintosh; Intel Mac OS X 11_0_0) AppleWebKit/537.36 (KHTML, like Gecko) Postman/8.7.0 Chrome/83.0.4103.122 Electron/9.4.3 Safari/537.36","platform":"OSX","arch":"64","downloadURL":"https://dl.pstmn.io/download/version/8.9.1/osx_64","updateServerDomain":"https://dl.pstmn.io/","additionalParamsString":"installationId=991862a7-9f81-4279-acfd-534f387f23ee&userId=16451907&syncEnabled=true&teamPlan=sync-free-3-trial&teamId=2134135","userId":"16451907"}}]
[424][1627880415195][main][info]["@postman/app-updater: Checking for update"]
[424][1627880415961][main][info]["@postman/app-updater: Update Available"]
[424][1627880537810][main][info]["@postman/app-updater: Update updateDownloaded","\n** Release Notes **\n- ***\n- This version includes various stability and performance fixes\n\n## Postman v8.9.0\n\n### What's new\n- You can now use WSDL specification format to define your APIs\n\n### Improvements\n- We've added the ability to capture Responses and group traffic via the Postman Proxy\n\n### Bug fixes\n- Fixed a bug where replacing contents using find & replace resulted in a conflicted state\n- Fixed an issue where authorization param were duplicated on saving the request - [GitHub #10094](https://github.com/postmanlabs/postman-app-support/issues/10094)\n- Fixed an issue where some WSDL specifications failed to import\n- Scope and other optional params will not be included in the OAuth2.0 flow when empty - [GitHub #8837](https://github.com/postmanlabs/postman-app-support/issues/8837)\n\n\n","Postman 8.9.1","1970-01-01T00:00:00.000Z","https://dl.pstmn.io/download/version/8.9.1/osx_64"]
[424][1627880537839][main][info]["UpdateHandler~app-update-events - Received event",{"name":"electronAppUpdateDownloaded","namespace":"appUpdate","data":{"releaseName":"Postman 8.9.1","notes":"\n** Release Notes **\n- ***\n- This version includes various stability and performance fixes\n\n## Postman v8.9.0\n\n### What's new\n- You can now use WSDL specification format to define your APIs\n\n### Improvements\n- We've added the ability to capture Responses and group traffic via the Postman Proxy\n\n### Bug fixes\n- Fixed a bug where replacing contents using find & replace resulted in a conflicted state\n- Fixed an issue where authorization param were duplicated on saving the request - [GitHub #10094](https://github.com/postmanlabs/postman-app-support/issues/10094)\n- Fixed an issue where some WSDL specifications failed to import\n- Scope and other optional params will not be included in the OAuth2.0 flow when empty - [GitHub #8837](https://github.com/postmanlabs/postman-app-support/issues/8837)\n\n\n","date":"1970-01-01T00:00:00.000Z","URL":"https://dl.pstmn.io/download/version/8.9.1/osx_64"}}]
[424][1627889419905][main][info]["Quitting app"]
[1146][1628056679596][main][info]["Booting Postman 8.9.1, darwin-20.3.0 on x64"]
[1146][1628056679598][main][info]["EventBus~initialize - Success"]
[1146][1628056679600][main][info]["Proxy configuration has not been setup"]
[1146][1628056679601][main][info]["CloudProxyManager~init - Success"]
[1146][1628056679602][main][info]["UpdateHandler~init - Success"]
[1146][1628056679827][main][info]["RuntimeIPCAgent~started: Success"]
[1146][1628056679837][main][info]["LeaderSelection: Initialized successfully"]
[1146][1628056679997][main][info]["GPU detected VID 32902 DID 16038 ACTIVE true"]
[1146][1628056680135][main][info]["Bootstrap-models~bootstrap - Success"]
[1146][1628056680184][main][info]["window-manager~newSharedWindow: Shell loaded"]
[1146][1628056682477][main][info]["Main~AppEvents - Received booted event for process shared"]
[1146][1628056685049][main][info]["UpdateHandler~app-update-events - Received event",{"name":"checkForElectronVersionUpdated","namespace":"appUpdate"}]
[1146][1628056685057][main][info]["@postman/app-updater: version Updated","8.7.0","8.9.1"]
[1146][1628056685057][main][info]["UpdateHandler~app-update-events - Received event",{"name":"electronVersionUpdated","namespace":"appUpdate","data":{"lastKnownVersion":"8.7.0","currentVersion":"8.9.1"}}]
[1146][1628056685065][main][info]["Main~AppEvents - Received booted event for process requester"]
[1146][1628074099818][main][info]["Quitting app"]
[2157][1628077072571][main][info]["Booting Postman 8.9.1, darwin-20.3.0 on x64"]
[2157][1628077072577][main][info]["EventBus~initialize - Success"]
[2157][1628077072580][main][info]["Proxy configuration has not been setup"]
[2157][1628077072581][main][info]["CloudProxyManager~init - Success"]
[2157][1628077072582][main][info]["UpdateHandler~init - Success"]
[2157][1628077073017][main][info]["RuntimeIPCAgent~started: Success"]
[2157][1628077073226][main][info]["LeaderSelection: Initialized successfully"]
[2157][1628077073413][main][info]["GPU detected VID 32902 DID 16038 ACTIVE true"]
[2157][1628077073550][main][info]["Bootstrap-models~bootstrap - Success"]
[2157][1628077073579][main][info]["window-manager~newSharedWindow: Shell loaded"]
[2157][1628077075983][main][info]["Main~AppEvents - Received booted event for process shared"]
[2157][1628077078621][main][info]["UpdateHandler~app-update-events - Received event",{"name":"checkForElectronVersionUpdated","namespace":"appUpdate"}]
[2157][1628077078634][main][info]["Main~AppEvents - Received booted event for process requester"]
[2157][1628079984193][main][info]["Quitting app"]
[2634][1628141474596][main][info]["Booting Postman 8.9.1, darwin-20.3.0 on x64"]
[2634][1628141474599][main][info]["EventBus~initialize - Success"]
[2634][1628141474608][main][info]["Proxy configuration has not been setup"]
[2634][1628141474609][main][info]["CloudProxyManager~init - Success"]
[2634][1628141474611][main][info]["UpdateHandler~init - Success"]
[2634][1628141475076][main][info]["RuntimeIPCAgent~started: Success"]
[2634][1628141475091][main][info]["LeaderSelection: Initialized successfully"]
[2634][1628141475263][main][info]["GPU detected VID 32902 DID 16038 ACTIVE true"]
[2634][1628141475371][main][info]["Bootstrap-models~bootstrap - Success"]
[2634][1628141475439][main][info]["window-manager~newSharedWindow: Shell loaded"]
[2634][1628141477568][main][info]["Main~AppEvents - Received booted event for process shared"]
[2634][1628141477733][main][info]["Quitting app"]
[2634][1628141477827][main][error]["WindowManager~newRequesterWindow - Error in loading window from db",{"name":"TypeError","message":"Object has been destroyed","stack":"TypeError: Object has been destroyed\n    at /Applications/Postman.app/Contents/Resources/app/services/windowManager.js:483:43"}]
[1645][1629869732981][main][info]["Booting Postman 8.9.1, darwin-20.3.0 on x64"]
[1645][1629869732984][main][info]["EventBus~initialize - Success"]
[1645][1629869732986][main][info]["Proxy configuration has not been setup"]
[1645][1629869732986][main][info]["CloudProxyManager~init - Success"]
[1645][1629869732987][main][info]["UpdateHandler~init - Success"]
[1645][1629869733412][main][info]["RuntimeIPCAgent~started: Success"]
[1645][1629869733428][main][info]["LeaderSelection: Initialized successfully"]
[1645][1629869733571][main][info]["GPU detected VID 32902 DID 16038 ACTIVE true"]
[1645][1629869733722][main][info]["Bootstrap-models~bootstrap - Success"]
[1645][1629869733885][main][info]["window-manager~newSharedWindow: Shell loaded"]
[1645][1629869736261][main][info]["Main~AppEvents - Received booted event for process shared"]
[1645][1629869739251][main][info]["UpdateHandler~app-update-events - Received event",{"name":"checkForElectronVersionUpdated","namespace":"appUpdate"}]
[1645][1629869739266][main][info]["Main~AppEvents - Received booted event for process requester"]
[1645][1629869749991][main][info]["UpdateHandler~app-update-events - Received event",{"name":"updateElectron","namespace":"appUpdate","data":{"channel":"stable","version":"8.9.1","downloadVersion":"8.11.1","appId":"991862a7-9f81-4279-acfd-534f387f23ee","userAgent":"Mozilla/5.0 (Macintosh; Intel Mac OS X 11_2_2) AppleWebKit/537.36 (KHTML, like Gecko) Postman/8.9.1 Chrome/87.0.4280.88 Electron/11.1.1 Safari/537.36","platform":"OSX","arch":"64","downloadURL":"https://dl.pstmn.io/download/version/8.11.1/osx_64","updateServerDomain":"https://dl.pstmn.io/","additionalParamsString":"installationId=991862a7-9f81-4279-acfd-534f387f23ee&userId=16451907&syncEnabled=true&teamPlan=sync-free-3-trial&teamId=2134135","userId":"16451907"}}]
[1645][1629869750005][main][info]["@postman/app-updater: Checking for update"]
[1645][1629869750617][main][info]["@postman/app-updater: Update Available"]
[1645][1629869767187][main][info]["@postman/app-updater: Update updateDownloaded","\n** Release Notes **\n- ***\n_Join us live at [Postman team's upcoming livestreams](https://learning.postman.com/#upcoming-livestreams) to talk about all things API, test-drive the latest Postman features, and ask us questions live._\n\n### What's new\n- With this release, as an Enterprise user, you will be able to better govern your team's public data with the new [Manage Public Elements Page](https://blog.postman.com/govern-your-public-api-collections-more-effectively/)\n- You can now get a shareable link for all elements in a workspace (e.g. Collections, Requests, APIs…) from the Postman app\n\n### Improvements\n- We have added 12 new security warnings for APIs defined in OpenAPI 3.0 :\n\n  High Severity:\n  - [Security scheme object does not contain any scheme](https://learning.postman.com/docs/api-security/security-warnings/#security-scheme-object-does-not-contain-any-scheme)\n  - [API accepts credentials from OAuth 1.0 authentication in plain text](https://learning.postman.com/docs/api-security/security-warnings/#api-accepts-credentials-from-oauth-10-authentication-in-plain-text)\n  - [API accepts API key in plain text](https://learning.postman.com/docs/api-security/security-warnings/#api-accepts-api-key-in-plain-text)\n  - [Operation accepts credentials from OAuth 1.0 authentication in plain text](https://learning.postman.com/docs/api-security/security-warnings/#operation-accepts-credentials-from-oauth-10-authentication-in-plain-text)\n  - [Operation accepts API key in plain text](https://learning.postman.com/docs/api-security/security-warnings/#operation-accepts-api-key-in-plain-text)\n  \n  Medium Severity:\n  - [Scheme used in security field is not defined in the security scheme object](https://learning.postman.com/docs/api-security/security-warnings/#scheme-used-in-security-field-is-not-defined-in-the-security-scheme-object)\n  - [HTTP authentication scheme is using an unknown scheme](https://learning.postman.com/docs/api-security/security-warnings/#http-authentication-scheme-is-using-an-unknown-scheme)\n  - [OAuth authentication uses the deprecated implicit flow](https://learning.postman.com/docs/api-security/security-warnings/#oauth-authentication-uses-the-deprecated-implicit-flow)\n  - [OAuth authentication uses the deprecated password flow](https://learning.postman.com/docs/api-security/security-warnings/#oauth-authentication-uses-the-deprecated-password-flow)\n  - [Refresh URL uses HTTP protocol](https://learning.postman.com/docs/api-security/security-warnings/#refresh-url-uses-http-protocol)\n  - [OpenID Connect URL uses HTTP protocol](https://learning.postman.com/docs/api-security/security-warnings/#openid-connect-url-uses-http-protocol)\n  \n  Low Severity:\n  - [Deprecated OAuth 1.0 scheme is used](https://learning.postman.com/docs/api-security/security-warnings/#deprecated-oauth-10-scheme-is-used)\n\n### Bug fixes\n- Fixed a bug where requests without responses did not show up in the monitor test results section\n\n_Read more about the latest from Postman on the_ [_Postman Blog_](https://blog.postman.com/ \"https://blog.postman.com/\")_, and on the_ [_Postman Community forum_](https://community.postman.com/ \"https://community.postman.com/\")_._\n\n","Postman 8.11.1","1970-01-01T00:00:00.000Z","https://dl.pstmn.io/download/version/8.11.1/osx_64"]
[1645][1629869767188][main][info]["UpdateHandler~app-update-events - Received event",{"name":"electronAppUpdateDownloaded","namespace":"appUpdate","data":{"releaseName":"Postman 8.11.1","notes":"\n** Release Notes **\n- ***\n_Join us live at [Postman team's upcoming livestreams](https://learning.postman.com/#upcoming-livestreams) to talk about all things API, test-drive the latest Postman features, and ask us questions live._\n\n### What's new\n- With this release, as an Enterprise user, you will be able to better govern your team's public data with the new [Manage Public Elements Page](https://blog.postman.com/govern-your-public-api-collections-more-effectively/)\n- You can now get a shareable link for all elements in a workspace (e.g. Collections, Requests, APIs…) from the Postman app\n\n### Improvements\n- We have added 12 new security warnings for APIs defined in OpenAPI 3.0 :\n\n  High Severity:\n  - [Security scheme object does not contain any scheme](https://learning.postman.com/docs/api-security/security-warnings/#security-scheme-object-does-not-contain-any-scheme)\n  - [API accepts credentials from OAuth 1.0 authentication in plain text](https://learning.postman.com/docs/api-security/security-warnings/#api-accepts-credentials-from-oauth-10-authentication-in-plain-text)\n  - [API accepts API key in plain text](https://learning.postman.com/docs/api-security/security-warnings/#api-accepts-api-key-in-plain-text)\n  - [Operation accepts credentials from OAuth 1.0 authentication in plain text](https://learning.postman.com/docs/api-security/security-warnings/#operation-accepts-credentials-from-oauth-10-authentication-in-plain-text)\n  - [Operation accepts API key in plain text](https://learning.postman.com/docs/api-security/security-warnings/#operation-accepts-api-key-in-plain-text)\n  \n  Medium Severity:\n  - [Scheme used in security field is not defined in the security scheme object](https://learning.postman.com/docs/api-security/security-warnings/#scheme-used-in-security-field-is-not-defined-in-the-security-scheme-object)\n  - [HTTP authentication scheme is using an unknown scheme](https://learning.postman.com/docs/api-security/security-warnings/#http-authentication-scheme-is-using-an-unknown-scheme)\n  - [OAuth authentication uses the deprecated implicit flow](https://learning.postman.com/docs/api-security/security-warnings/#oauth-authentication-uses-the-deprecated-implicit-flow)\n  - [OAuth authentication uses the deprecated password flow](https://learning.postman.com/docs/api-security/security-warnings/#oauth-authentication-uses-the-deprecated-password-flow)\n  - [Refresh URL uses HTTP protocol](https://learning.postman.com/docs/api-security/security-warnings/#refresh-url-uses-http-protocol)\n  - [OpenID Connect URL uses HTTP protocol](https://learning.postman.com/docs/api-security/security-warnings/#openid-connect-url-uses-http-protocol)\n  \n  Low Severity:\n  - [Deprecated OAuth 1.0 scheme is used](https://learning.postman.com/docs/api-security/security-warnings/#deprecated-oauth-10-scheme-is-used)\n\n### Bug fixes\n- Fixed a bug where requests without responses did not show up in the monitor test results section\n\n_Read more about the latest from Postman on the_ [_Postman Blog_](https://blog.postman.com/ \"https://blog.postman.com/\")_, and on the_ [_Postman Community forum_](https://community.postman.com/ \"https://community.postman.com/\")_._\n\n","date":"1970-01-01T00:00:00.000Z","URL":"https://dl.pstmn.io/download/version/8.11.1/osx_64"}}]
[1645][1629895990834][main][info]["Quitting app"]
[1622][1629964205083][main][info]["Booting Postman 8.11.1, darwin-20.3.0 on x64"]
[1622][1629964205086][main][info]["EventBus~initialize - Success"]
[1622][1629964205088][main][info]["Proxy configuration has not been setup"]
[1622][1629964205089][main][info]["CloudProxyManager~init - Success"]
[1622][1629964205089][main][info]["UpdateHandler~init - Success"]
[1622][1629964205381][main][info]["RuntimeIPCAgent~started: Success"]
[1622][1629964205394][main][info]["LeaderSelection: Initialized successfully"]
[1622][1629964205597][main][info]["GPU detected VID 32902 DID 16038 ACTIVE true"]
[1622][1629964205742][main][info]["Bootstrap-models~bootstrap - Success"]
[1622][1629964205839][main][info]["window-manager~newSharedWindow: Shell loaded"]
[1622][1629964208419][main][info]["Main~AppEvents - Received booted event for process shared"]
[1622][1629964211414][main][info]["UpdateHandler~app-update-events - Received event",{"name":"checkForElectronVersionUpdated","namespace":"appUpdate"}]
[1622][1629964211417][main][info]["@postman/app-updater: version Updated","8.9.1","8.11.1"]
[1622][1629964211417][main][info]["UpdateHandler~app-update-events - Received event",{"name":"electronVersionUpdated","namespace":"appUpdate","data":{"lastKnownVersion":"8.9.1","currentVersion":"8.11.1"}}]
[1622][1629964211430][main][info]["Main~AppEvents - Received booted event for process requester"]
[1622][1630009057791][main][info]["WindowManager~closeHandler - Closed Window (id: 3 )"]
[1622][1630009152335][main][info]["Quitting app"]
[397][1630065608682][main][info]["Booting Postman 8.11.1, darwin-20.3.0 on x64"]
[397][1630065608685][main][info]["EventBus~initialize - Success"]
[397][1630065608688][main][info]["Proxy configuration has not been setup"]
[397][1630065608688][main][info]["CloudProxyManager~init - Success"]
[397][1630065608690][main][info]["UpdateHandler~init - Success"]
[397][1630065609111][main][info]["RuntimeIPCAgent~started: Success"]
[397][1630065609126][main][info]["LeaderSelection: Initialized successfully"]
[397][1630065609325][main][info]["GPU detected VID 32902 DID 16038 ACTIVE true"]
[397][1630065609487][main][info]["Bootstrap-models~bootstrap - Success"]
[397][1630065609608][main][info]["window-manager~newSharedWindow: Shell loaded"]
[397][1630065612337][main][info]["Main~AppEvents - Received booted event for process shared"]
[397][1630065615021][main][info]["UpdateHandler~app-update-events - Received event",{"name":"checkForElectronVersionUpdated","namespace":"appUpdate"}]
[397][1630065615036][main][info]["Main~AppEvents - Received booted event for process requester"]
[397][1630096008596][main][info]["WindowManager~closeHandler - Closed Window (id: 3 )"]
[397][1630096219901][main][info]["Quitting app"]
[412][1630155059011][main][info]["Booting Postman 8.11.1, darwin-20.3.0 on x64"]
[412][1630155059014][main][info]["EventBus~initialize - Success"]
[412][1630155059016][main][info]["Proxy configuration has not been setup"]
[412][1630155059017][main][info]["CloudProxyManager~init - Success"]
[412][1630155059018][main][info]["UpdateHandler~init - Success"]
[412][1630155059434][main][info]["RuntimeIPCAgent~started: Success"]
[412][1630155059436][main][info]["LeaderSelection: Initialized successfully"]
[412][1630155059759][main][info]["GPU detected VID 32902 DID 16038 ACTIVE true"]
[412][1630155059867][main][info]["Bootstrap-models~bootstrap - Success"]
[412][1630155060102][main][info]["window-manager~newSharedWindow: Shell loaded"]
[412][1630155062576][main][info]["Main~AppEvents - Received booted event for process shared"]
[412][1630155065283][main][info]["UpdateHandler~app-update-events - Received event",{"name":"checkForElectronVersionUpdated","namespace":"appUpdate"}]
[412][1630155065295][main][info]["Main~AppEvents - Received booted event for process requester"]
[412][1630226436470][main][info]["WindowManager~closeHandler - Closed Window (id: 3 )"]
[412][1630257176229][main][info]["Quitting app"]
[6672][1630326496556][main][info]["Booting Postman 8.11.1, darwin-20.3.0 on x64"]
[6672][1630326496559][main][info]["EventBus~initialize - Success"]
[6672][1630326496561][main][info]["Proxy configuration has not been setup"]
[6672][1630326496562][main][info]["CloudProxyManager~init - Success"]
[6672][1630326496566][main][info]["UpdateHandler~init - Success"]
[6672][1630326496998][main][info]["RuntimeIPCAgent~started: Success"]
[6672][1630326497010][main][info]["LeaderSelection: Initialized successfully"]
[6672][1630326497211][main][info]["GPU detected VID 32902 DID 16038 ACTIVE true"]
[6672][1630326497359][main][info]["Bootstrap-models~bootstrap - Success"]
[6672][1630326497456][main][info]["window-manager~newSharedWindow: Shell loaded"]
[6672][1630326500113][main][info]["Main~AppEvents - Received booted event for process shared"]
[6672][1630326503181][main][info]["UpdateHandler~app-update-events - Received event",{"name":"checkForElectronVersionUpdated","namespace":"appUpdate"}]
[6672][1630326503199][main][info]["Main~AppEvents - Received booted event for process requester"]
[6672][1630583577520][main][info]["UpdateHandler~app-update-events - Received event",{"name":"updateElectron","namespace":"appUpdate","data":{"channel":"stable","version":"8.11.1","downloadVersion":"8.12.0","appId":"991862a7-9f81-4279-acfd-534f387f23ee","userAgent":"Mozilla/5.0 (Macintosh; Intel Mac OS X 11_2_2) AppleWebKit/537.36 (KHTML, like Gecko) Postman/8.11.1 Chrome/87.0.4280.88 Electron/11.1.1 Safari/537.36","platform":"OSX","arch":"64","downloadURL":"https://dl.pstmn.io/download/version/8.12.0/osx_64","updateServerDomain":"https://dl.pstmn.io/","additionalParamsString":"installationId=991862a7-9f81-4279-acfd-534f387f23ee&userId=16451907&syncEnabled=true&teamPlan=sync-free-3-trial&teamId=2134135","userId":"16451907"}}]
[6672][1630583577632][main][info]["@postman/app-updater: Checking for update"]
[6672][1630583578333][main][info]["@postman/app-updater: Update Available"]
[6672][1630583597077][main][info]["@postman/app-updater: Update updateDownloaded","\n** Release Notes **\n- ***\n- This version of Postman includes internal performance and stability improvements.\n\n_Join us live at [Postman team's upcoming livestreams](https://learning.postman.com/#upcoming-livestreams) to talk about all things API, test-drive the latest Postman features, and ask us questions live._\n\n_Read more about the latest from Postman on the_ [_Postman Blog_](https://blog.postman.com/ \"https://blog.postman.com/\")_, and on the_ [_Postman Community forum_](https://community.postman.com/ \"https://community.postman.com/\")_._\n\n\n","Postman 8.12.0","1970-01-01T00:00:00.000Z","https://dl.pstmn.io/download/version/8.12.0/osx_64"]
[6672][1630583597094][main][info]["UpdateHandler~app-update-events - Received event",{"name":"electronAppUpdateDownloaded","namespace":"appUpdate","data":{"releaseName":"Postman 8.12.0","notes":"\n** Release Notes **\n- ***\n- This version of Postman includes internal performance and stability improvements.\n\n_Join us live at [Postman team's upcoming livestreams](https://learning.postman.com/#upcoming-livestreams) to talk about all things API, test-drive the latest Postman features, and ask us questions live._\n\n_Read more about the latest from Postman on the_ [_Postman Blog_](https://blog.postman.com/ \"https://blog.postman.com/\")_, and on the_ [_Postman Community forum_](https://community.postman.com/ \"https://community.postman.com/\")_._\n\n\n","date":"1970-01-01T00:00:00.000Z","URL":"https://dl.pstmn.io/download/version/8.12.0/osx_64"}}]
[6672][1630603193954][main][info]["WindowManager~closeHandler - Closed Window (id: 3 )"]
[6672][1630650210385][main][info]["UpdateHandler~app-update-events - Received event",{"name":"checkForElectronVersionUpdated","namespace":"appUpdate"}]
[6672][1630650210397][main][info]["Main~AppEvents - Received booted event for process requester"]
[6672][1630668712748][main][info]["ProtocolHandler~handleOpenUrlForDarwin - Opened with url: postman://app/collections/import/ffd2fd7d-9b79-48f5-95ba-1a87d2eb807c"]
[6672][1630668712754][main][info]["ProtocolHandler~handleOpenUrl: postman://app/collections/import/ffd2fd7d-9b79-48f5-95ba-1a87d2eb807c"]
[6672][1630668758788][main][info]["ProtocolHandler~handleOpenUrlForDarwin - Opened with url: postman://app/collections/import/ffd2fd7d-9b79-48f5-95ba-1a87d2eb807c"]
[6672][1630668758789][main][info]["ProtocolHandler~handleOpenUrl: postman://app/collections/import/ffd2fd7d-9b79-48f5-95ba-1a87d2eb807c"]
[6672][1630668825644][main][info]["ProtocolHandler~handleOpenUrlForDarwin - Opened with url: postman://app/collections/import/ffd2fd7d-9b79-48f5-95ba-1a87d2eb807c"]
[6672][1630668825645][main][info]["ProtocolHandler~handleOpenUrl: postman://app/collections/import/ffd2fd7d-9b79-48f5-95ba-1a87d2eb807c"]
[6672][1630668837121][main][info]["WindowManager~closeHandler - Closed Window (id: 4 )"]
[6672][1630669282866][main][info]["UpdateHandler~app-update-events - Received event",{"name":"checkForElectronVersionUpdated","namespace":"appUpdate"}]
[6672][1630669282878][main][info]["Main~AppEvents - Received booted event for process requester"]
[6672][1630669765061][main][info]["ProtocolHandler~handleOpenUrlForDarwin - Opened with url: postman://app/collections/import/ffd2fd7d-9b79-48f5-95ba-1a87d2eb807c"]
[6672][1630669765063][main][info]["ProtocolHandler~handleOpenUrl: postman://app/collections/import/ffd2fd7d-9b79-48f5-95ba-1a87d2eb807c"]
[6672][1630669779059][main][info]["WindowManager~closeHandler - Closed Window (id: 5 )"]
[6672][1630669791439][main][info]["ProtocolHandler~handleOpenUrlForDarwin - Opened with url: postman://app/collections/import/ffd2fd7d-9b79-48f5-95ba-1a87d2eb807c"]
[6672][1630669791439][main][info]["ProtocolHandler~handleOpenUrl: postman://app/collections/import/ffd2fd7d-9b79-48f5-95ba-1a87d2eb807c"]
[6672][1630669794082][main][info]["UpdateHandler~app-update-events - Received event",{"name":"checkForElectronVersionUpdated","namespace":"appUpdate"}]
[6672][1630669794093][main][info]["Main~AppEvents - Received booted event for process requester"]
[6672][1630669853589][main][info]["ProtocolHandler~handleOpenUrlForDarwin - Opened with url: postman://app/collections/import/ffd2fd7d-9b79-48f5-95ba-1a87d2eb807c"]
[6672][1630669853590][main][info]["ProtocolHandler~handleOpenUrl: postman://app/collections/import/ffd2fd7d-9b79-48f5-95ba-1a87d2eb807c"]
[6672][1630670051769][main][info]["ProtocolHandler~handleOpenUrlForDarwin - Opened with url: postman://app/collections/import/ffd2fd7d-9b79-48f5-95ba-1a87d2eb807c"]
[6672][1630670051770][main][info]["ProtocolHandler~handleOpenUrl: postman://app/collections/import/ffd2fd7d-9b79-48f5-95ba-1a87d2eb807c"]
[6672][1630670118766][main][info]["ProtocolHandler~handleOpenUrlForDarwin - Opened with url: postman://app/collections/import/ffd2fd7d-9b79-48f5-95ba-1a87d2eb807c"]
[6672][1630670118766][main][info]["ProtocolHandler~handleOpenUrl: postman://app/collections/import/ffd2fd7d-9b79-48f5-95ba-1a87d2eb807c"]
[6672][1630670149963][main][info]["ProtocolHandler~handleOpenUrlForDarwin - Opened with url: postman://app/collections/import/ffd2fd7d-9b79-48f5-95ba-1a87d2eb807c"]
[6672][1630670149964][main][info]["ProtocolHandler~handleOpenUrl: postman://app/collections/import/ffd2fd7d-9b79-48f5-95ba-1a87d2eb807c"]
[6672][1630670153448][main][info]["WindowManager~closeHandler - Closed Window (id: 6 )"]
[6672][1630670155987][main][info]["Quitting app"]
[16957][1630670161315][main][info]["Booting Postman 8.12.0, darwin-20.3.0 on x64"]
[16957][1630670161318][main][info]["EventBus~initialize - Success"]
[16957][1630670161321][main][info]["Proxy configuration has not been setup"]
[16957][1630670161321][main][info]["CloudProxyManager~init - Success"]
[16957][1630670161322][main][info]["UpdateHandler~init - Success"]
[16957][1630670161617][main][info]["RuntimeIPCAgent~started: Success"]
[16957][1630670161631][main][info]["LeaderSelection: Initialized successfully"]
[16957][1630670161828][main][info]["GPU detected VID 32902 DID 16038 ACTIVE true"]
[16957][1630670161968][main][info]["Bootstrap-models~bootstrap - Success"]
[16957][1630670162067][main][info]["window-manager~newSharedWindow: Shell loaded"]
[16957][1630670164419][main][info]["Main~AppEvents - Received booted event for process shared"]
[16957][1630670167142][main][info]["UpdateHandler~app-update-events - Received event",{"name":"checkForElectronVersionUpdated","namespace":"appUpdate"}]
[16957][1630670167145][main][info]["@postman/app-updater: version Updated","8.11.1","8.12.0"]
[16957][1630670167145][main][info]["UpdateHandler~app-update-events - Received event",{"name":"electronVersionUpdated","namespace":"appUpdate","data":{"lastKnownVersion":"8.11.1","currentVersion":"8.12.0"}}]
[16957][1630670167156][main][info]["Main~AppEvents - Received booted event for process requester"]
[16957][1630670564357][main][info]["WindowManager~closeHandler - Closed Window (id: 3 )"]
[16957][1630670569742][main][info]["ProtocolHandler~handleOpenUrlForDarwin - Opened with url: postman://app/collections/import/b5568541dbca1d9e339c"]
[16957][1630670569742][main][info]["ProtocolHandler~handleOpenUrl: postman://app/collections/import/b5568541dbca1d9e339c"]
[16957][1630670572499][main][info]["UpdateHandler~app-update-events - Received event",{"name":"checkForElectronVersionUpdated","namespace":"appUpdate"}]
[16957][1630670572512][main][info]["Main~AppEvents - Received booted event for process requester"]
[16957][1630671275333][main][info]["Quitting app"]
[17483][1630672891787][main][info]["Booting Postman 8.12.0, darwin-20.3.0 on x64"]
[17483][1630672891789][main][info]["EventBus~initialize - Success"]
[17483][1630672891792][main][info]["Proxy configuration has not been setup"]
[17483][1630672891792][main][info]["CloudProxyManager~init - Success"]
[17483][1630672891793][main][info]["UpdateHandler~init - Success"]
[17483][1630672892238][main][info]["RuntimeIPCAgent~started: Success"]
[17483][1630672892253][main][info]["LeaderSelection: Initialized successfully"]
[17483][1630672892457][main][info]["GPU detected VID 32902 DID 16038 ACTIVE true"]
[17483][1630672892601][main][info]["Bootstrap-models~bootstrap - Success"]
[17483][1630672892697][main][info]["window-manager~newSharedWindow: Shell loaded"]
[17483][1630672895089][main][info]["Main~AppEvents - Received booted event for process shared"]
[17483][1630672897880][main][info]["UpdateHandler~app-update-events - Received event",{"name":"checkForElectronVersionUpdated","namespace":"appUpdate"}]
[17483][1630672897897][main][info]["Main~AppEvents - Received booted event for process requester"]
[17483][1630672899392][main][info]["Quitting app"]
[17522][1630673057843][main][info]["Booting Postman 8.12.0, darwin-20.3.0 on x64"]
[17522][1630673057846][main][info]["EventBus~initialize - Success"]
[17522][1630673057848][main][info]["Proxy configuration has not been setup"]
[17522][1630673057848][main][info]["CloudProxyManager~init - Success"]
[17522][1630673057849][main][info]["UpdateHandler~init - Success"]
[17522][1630673058138][main][info]["RuntimeIPCAgent~started: Success"]
[17522][1630673058150][main][info]["LeaderSelection: Initialized successfully"]
[17522][1630673058331][main][info]["GPU detected VID 32902 DID 16038 ACTIVE true"]
[17522][1630673058464][main][info]["Bootstrap-models~bootstrap - Success"]
[17522][1630673058546][main][info]["window-manager~newSharedWindow: Shell loaded"]
[17522][1630673060833][main][info]["Main~AppEvents - Received booted event for process shared"]
[17522][1630673063487][main][info]["UpdateHandler~app-update-events - Received event",{"name":"checkForElectronVersionUpdated","namespace":"appUpdate"}]
[17522][1630673063499][main][info]["Main~AppEvents - Received booted event for process requester"]
[17522][1630699035335][main][info]["ProtocolHandler~handleOpenUrlForDarwin - Opened with url: postman://app/collections/import/b5568541dbca1d9e339c"]
[17522][1630699035346][main][info]["ProtocolHandler~handleOpenUrl: postman://app/collections/import/b5568541dbca1d9e339c"]
[17522][1630775754326][main][info]["Quitting app"]
[20923][1630855490885][main][info]["Booting Postman 8.12.0, darwin-20.3.0 on x64"]
[20923][1630855490888][main][info]["EventBus~initialize - Success"]
[20923][1630855490890][main][info]["Proxy configuration has not been setup"]
[20923][1630855490891][main][info]["CloudProxyManager~init - Success"]
[20923][1630855490892][main][info]["UpdateHandler~init - Success"]
[20923][1630855491337][main][info]["RuntimeIPCAgent~started: Success"]
[20923][1630855491360][main][info]["LeaderSelection: Initialized successfully"]
[20923][1630855491558][main][info]["GPU detected VID 32902 DID 16038 ACTIVE true"]
[20923][1630855491742][main][info]["Bootstrap-models~bootstrap - Success"]
[20923][1630855491831][main][info]["window-manager~newSharedWindow: Shell loaded"]
[20923][1630855495510][main][info]["Main~AppEvents - Received booted event for process shared"]
[20923][1630855498494][main][info]["UpdateHandler~app-update-events - Received event",{"name":"checkForElectronVersionUpdated","namespace":"appUpdate"}]
[20923][1630855498510][main][info]["Main~AppEvents - Received booted event for process requester"]
[20923][1630857245972][main][info]["ProtocolHandler~handleOpenUrlForDarwin - Opened with url: postman://app/collections/import/16451907-ffd2fd7d-9b79-48f5-95ba-1a87d2eb807c?referrer=https%3A%2F%2F1dkne4jl5mmmm.educative.run%2F#?"]
[20923][1630857245978][main][info]["ProtocolHandler~handleOpenUrl: postman://app/collections/import/16451907-ffd2fd7d-9b79-48f5-95ba-1a87d2eb807c?referrer=https%3A%2F%2F1dkne4jl5mmmm.educative.run%2F#?"]
[20923][1630857269333][main][info]["ProtocolHandler~handleOpenUrlForDarwin - Opened with url: postman://app/collections/import/16451907-ffd2fd7d-9b79-48f5-95ba-1a87d2eb807c?referrer=https%3A%2F%2F1dkne4jl5mmmm.educative.run%2F#?"]
[20923][1630857269334][main][info]["ProtocolHandler~handleOpenUrl: postman://app/collections/import/16451907-ffd2fd7d-9b79-48f5-95ba-1a87d2eb807c?referrer=https%3A%2F%2F1dkne4jl5mmmm.educative.run%2F#?"]
[20923][1630857291857][main][info]["ProtocolHandler~handleOpenUrlForDarwin - Opened with url: postman://app/collections/import/16451907-ffd2fd7d-9b79-48f5-95ba-1a87d2eb807c?referrer=https%3A%2F%2F1dkne4jl5mmmm.educative.run%2F#?"]
[20923][1630857291857][main][info]["ProtocolHandler~handleOpenUrl: postman://app/collections/import/16451907-ffd2fd7d-9b79-48f5-95ba-1a87d2eb807c?referrer=https%3A%2F%2F1dkne4jl5mmmm.educative.run%2F#?"]
[20923][1630858590672][main][info]["ProtocolHandler~handleOpenUrlForDarwin - Opened with url: postman://app/collections/import/16451907-05972c65-4b6f-49d5-84d8-b672b28156d7?referrer=https%3A%2F%2F1dkne4jl5mmmm.educative.run%2F#?"]
[20923][1630858590673][main][info]["ProtocolHandler~handleOpenUrl: postman://app/collections/import/16451907-05972c65-4b6f-49d5-84d8-b672b28156d7?referrer=https%3A%2F%2F1dkne4jl5mmmm.educative.run%2F#?"]
[20923][1630858662344][main][info]["ProtocolHandler~handleOpenUrlForDarwin - Opened with url: postman://app/collections/import/16451907-05972c65-4b6f-49d5-84d8-b672b28156d7?referrer=https%3A%2F%2F1dkne4jl5mmmm.educative.run%2F#?"]
[20923][1630858662345][main][info]["ProtocolHandler~handleOpenUrl: postman://app/collections/import/16451907-05972c65-4b6f-49d5-84d8-b672b28156d7?referrer=https%3A%2F%2F1dkne4jl5mmmm.educative.run%2F#?"]
[20923][1630870483740][main][info]["WindowManager~closeHandler - Closed Window (id: 3 )"]
[20923][1630870491717][main][info]["Quitting app"]
[22517][1630903671400][main][info]["Booting Postman 8.12.0, darwin-20.3.0 on x64"]
[22517][1630903671403][main][info]["EventBus~initialize - Success"]
[22517][1630903671406][main][info]["Proxy configuration has not been setup"]
[22517][1630903671406][main][info]["CloudProxyManager~init - Success"]
[22517][1630903671408][main][info]["UpdateHandler~init - Success"]
[22517][1630903671767][main][info]["RuntimeIPCAgent~started: Success"]
[22517][1630903671781][main][info]["LeaderSelection: Initialized successfully"]
[22517][1630903672050][main][info]["GPU detected VID 32902 DID 16038 ACTIVE true"]
[22517][1630903672195][main][info]["Bootstrap-models~bootstrap - Success"]
[22517][1630903672300][main][info]["window-manager~newSharedWindow: Shell loaded"]
[22517][1630903674604][main][info]["Main~AppEvents - Received booted event for process shared"]
[22517][1630903677321][main][info]["UpdateHandler~app-update-events - Received event",{"name":"checkForElectronVersionUpdated","namespace":"appUpdate"}]
[22517][1630903677337][main][info]["Main~AppEvents - Received booted event for process requester"]
[22517][1631097696442][main][info]["UpdateHandler~app-update-events - Received event",{"name":"updateElectron","namespace":"appUpdate","data":{"channel":"stable","version":"8.12.0","downloadVersion":"8.12.1","appId":"991862a7-9f81-4279-acfd-534f387f23ee","userAgent":"Mozilla/5.0 (Macintosh; Intel Mac OS X 11_2_2) AppleWebKit/537.36 (KHTML, like Gecko) Postman/8.12.0 Chrome/87.0.4280.88 Electron/11.1.1 Safari/537.36","platform":"OSX","arch":"64","downloadURL":"https://dl.pstmn.io/download/version/8.12.1/osx_64","updateServerDomain":"https://dl.pstmn.io/","additionalParamsString":"installationId=991862a7-9f81-4279-acfd-534f387f23ee&userId=16451907&syncEnabled=true&teamPlan=sync-free-3-trial&teamId=2134135","userId":"16451907"}}]
[22517][1631097696690][main][info]["@postman/app-updater: Checking for update"]
[22517][1631097697503][main][info]["@postman/app-updater: Update Available"]
[22517][1631097759952][main][info]["@postman/app-updater: Update updateDownloaded","\n** Release Notes **\n- ***\n- This version of Postman includes internal performance and stability improvements.\n\n_Join us live at [Postman team's upcoming livestreams](https://learning.postman.com/#upcoming-livestreams) to talk about all things API, test-drive the latest Postman features, and ask us questions live._\n\n_Read more about the latest from Postman on the_ [_Postman Blog_](https://blog.postman.com/ \"https://blog.postman.com/\")_, and on the_ [_Postman Community forum_](https://community.postman.com/ \"https://community.postman.com/\")_._\n\n\n","Postman 8.12.1","1970-01-01T00:00:00.000Z","https://dl.pstmn.io/download/version/8.12.1/osx_64"]
[22517][1631097759970][main][info]["UpdateHandler~app-update-events - Received event",{"name":"electronAppUpdateDownloaded","namespace":"appUpdate","data":{"releaseName":"Postman 8.12.1","notes":"\n** Release Notes **\n- ***\n- This version of Postman includes internal performance and stability improvements.\n\n_Join us live at [Postman team's upcoming livestreams](https://learning.postman.com/#upcoming-livestreams) to talk about all things API, test-drive the latest Postman features, and ask us questions live._\n\n_Read more about the latest from Postman on the_ [_Postman Blog_](https://blog.postman.com/ \"https://blog.postman.com/\")_, and on the_ [_Postman Community forum_](https://community.postman.com/ \"https://community.postman.com/\")_._\n\n\n","date":"1970-01-01T00:00:00.000Z","URL":"https://dl.pstmn.io/download/version/8.12.1/osx_64"}}]
[22517][1631124851141][main][info]["Quitting app"]
[32812][1631173338112][main][info]["Booting Postman 8.12.1, darwin-20.3.0 on x64"]
[32812][1631173338115][main][info]["EventBus~initialize - Success"]
[32812][1631173338118][main][info]["Proxy configuration has not been setup"]
[32812][1631173338118][main][info]["CloudProxyManager~init - Success"]
[32812][1631173338119][main][info]["UpdateHandler~init - Success"]
[32812][1631173338440][main][info]["RuntimeIPCAgent~started: Success"]
[32812][1631173338442][main][info]["LeaderSelection: Initialized successfully"]
[32812][1631173338752][main][info]["GPU detected VID 32902 DID 16038 ACTIVE true"]
[32812][1631173338894][main][info]["Bootstrap-models~bootstrap - Success"]
[32812][1631173339134][main][info]["window-manager~newSharedWindow: Shell loaded"]
[32812][1631173341553][main][info]["Main~AppEvents - Received booted event for process shared"]
[32812][1631173344277][main][info]["UpdateHandler~app-update-events - Received event",{"name":"checkForElectronVersionUpdated","namespace":"appUpdate"}]
[32812][1631173344279][main][info]["@postman/app-updater: version Updated","8.12.0","8.12.1"]
[32812][1631173344280][main][info]["UpdateHandler~app-update-events - Received event",{"name":"electronVersionUpdated","namespace":"appUpdate","data":{"lastKnownVersion":"8.12.0","currentVersion":"8.12.1"}}]
[32812][1631173344289][main][info]["Main~AppEvents - Received booted event for process requester"]
